# JRE version: OpenJDK Runtime Environment (14.0.1+7) (build 14.0.1+7)
# Java VM: OpenJDK 64-Bit Server VM (14.0.1+7, mixed mode, sharing, tiered, compressed oops, g1 gc, linux-amd64)
Heap:
 garbage-first heap   total 663552K, used 96258K [0x000000008aa00000, 0x0000000100000000)
  region size 1024K, 3 young (3072K), 3 survivors (3072K)
 Metaspace       used 6599K, capacity 8060K, committed 8448K, reserved 1056768K
  class space    used 743K, capacity 881K, committed 1024K, reserved 1048576K
GC Heap History (19 events):
Event: 0.920 GC heap before
{Heap before GC invocations=0 (full 0):
 garbage-first heap   total 122880K, used 14148K [0x000000008aa00000, 0x0000000100000000)
  region size 1024K, 13 young (13312K), 0 survivors (0K)
 Metaspace       used 4539K, capacity 7082K, committed 7168K, reserved 1056768K
  class space    used 504K, capacity 727K, committed 768K, reserved 1048576K
}
Event: 0.929 GC heap after
{Heap after GC invocations=1 (full 0):
 garbage-first heap   total 122880K, used 2732K [0x000000008aa00000, 0x0000000100000000)
  region size 1024K, 2 young (2048K), 2 survivors (2048K)
 Metaspace       used 4539K, capacity 7082K, committed 7168K, reserved 1056768K
  class space    used 504K, capacity 727K, committed 768K, reserved 1048576K
}
Event: 1.237 GC heap before
{Heap before GC invocations=1 (full 0):
 garbage-first heap   total 122880K, used 24236K [0x000000008aa00000, 0x0000000100000000)
  region size 1024K, 23 young (23552K), 2 survivors (2048K)
 Metaspace       used 6597K, capacity 8060K, committed 8448K, reserved 1056768K
  class space    used 743K, capacity 881K, committed 1024K, reserved 1048576K
}
Event: 1.249 GC heap after
{Heap after GC invocations=2 (full 0):
 garbage-first heap   total 122880K, used 5988K [0x000000008aa00000, 0x0000000100000000)
  region size 1024K, 3 young (3072K), 3 survivors (3072K)
 Metaspace       used 6597K, capacity 8060K, committed 8448K, reserved 1056768K
  class space    used 743K, capacity 881K, committed 1024K, reserved 1048576K
}
Event: 1.445 GC heap before
{Heap before GC invocations=2 (full 0):
 garbage-first heap   total 122880K, used 97124K [0x000000008aa00000, 0x0000000100000000)
  region size 1024K, 70 young (71680K), 3 survivors (3072K)
 Metaspace       used 6597K, capacity 8060K, committed 8448K, reserved 1056768K
  class space    used 743K, capacity 881K, committed 1024K, reserved 1048576K
}
Event: 1.498 GC heap after
{Heap after GC invocations=3 (full 0):
 garbage-first heap   total 122880K, used 28737K [0x000000008aa00000, 0x0000000100000000)
  region size 1024K, 3 young (3072K), 3 survivors (3072K)
 Metaspace       used 6597K, capacity 8060K, committed 8448K, reserved 1056768K
  class space    used 743K, capacity 881K, committed 1024K, reserved 1048576K
}
Event: 1.574 GC heap before
{Heap before GC invocations=3 (full 0):
 garbage-first heap   total 122880K, used 94273K [0x000000008aa00000, 0x0000000100000000)
  region size 1024K, 57 young (58368K), 3 survivors (3072K)
 Metaspace       used 6597K, capacity 8060K, committed 8448K, reserved 1056768K
  class space    used 743K, capacity 881K, committed 1024K, reserved 1048576K
}
Event: 1.650 GC heap after
{Heap after GC invocations=4 (full 0):
 garbage-first heap   total 122880K, used 39924K [0x000000008aa00000, 0x0000000100000000)
  region size 1024K, 3 young (3072K), 3 survivors (3072K)
 Metaspace       used 6597K, capacity 8060K, committed 8448K, reserved 1056768K
  class space    used 743K, capacity 881K, committed 1024K, reserved 1048576K
}
Event: 1.757 GC heap before
{Heap before GC invocations=5 (full 0):
 garbage-first heap   total 122880K, used 96244K [0x000000008aa00000, 0x0000000100000000)
  region size 1024K, 65 young (66560K), 3 survivors (3072K)
 Metaspace       used 6597K, capacity 8060K, committed 8448K, reserved 1056768K
  class space    used 743K, capacity 881K, committed 1024K, reserved 1048576K
}
Event: 1.824 GC heap after
{Heap after GC invocations=6 (full 0):
 garbage-first heap   total 122880K, used 32776K [0x000000008aa00000, 0x0000000100000000)
  region size 1024K, 3 young (3072K), 3 survivors (3072K)
 Metaspace       used 6597K, capacity 8060K, committed 8448K, reserved 1056768K
  class space    used 743K, capacity 881K, committed 1024K, reserved 1048576K
}
Event: 1.832 GC heap before
{Heap before GC invocations=6 (full 0):
 garbage-first heap   total 122880K, used 33800K [0x000000008aa00000, 0x0000000100000000)
  region size 1024K, 5 young (5120K), 3 survivors (3072K)
 Metaspace       used 6597K, capacity 8060K, committed 8448K, reserved 1056768K
  class space    used 743K, capacity 881K, committed 1024K, reserved 1048576K
}
Event: 1.900 GC heap after
{Heap after GC invocations=7 (full 0):
 garbage-first heap   total 270336K, used 32762K [0x000000008aa00000, 0x0000000100000000)
  region size 1024K, 3 young (3072K), 3 survivors (3072K)
 Metaspace       used 6597K, capacity 8060K, committed 8448K, reserved 1056768K
  class space    used 743K, capacity 881K, committed 1024K, reserved 1048576K
}
Event: 2.108 GC heap before
{Heap before GC invocations=8 (full 0):
 garbage-first heap   total 163840K, used 142330K [0x000000008aa00000, 0x0000000100000000)
  region size 1024K, 98 young (100352K), 3 survivors (3072K)
 Metaspace       used 6599K, capacity 8060K, committed 8448K, reserved 1056768K
  class space    used 743K, capacity 881K, committed 1024K, reserved 1048576K
}
Event: 2.205 GC heap after
{Heap after GC invocations=9 (full 0):
 garbage-first heap   total 163840K, used 46089K [0x000000008aa00000, 0x0000000100000000)
  region size 1024K, 3 young (3072K), 3 survivors (3072K)
 Metaspace       used 6599K, capacity 8060K, committed 8448K, reserved 1056768K
  class space    used 743K, capacity 881K, committed 1024K, reserved 1048576K
}
Event: 2.404 GC heap before
{Heap before GC invocations=10 (full 0):
 garbage-first heap   total 163840K, used 161801K [0x000000008aa00000, 0x0000000100000000)
  region size 1024K, 96 young (98304K), 3 survivors (3072K)
 Metaspace       used 6599K, capacity 8060K, committed 8448K, reserved 1056768K
  class space    used 743K, capacity 881K, committed 1024K, reserved 1048576K
}
Event: 2.543 GC heap after
{Heap after GC invocations=11 (full 0):
 garbage-first heap   total 166912K, used 66571K [0x000000008aa00000, 0x0000000100000000)
  region size 1024K, 3 young (3072K), 3 survivors (3072K)
 Metaspace       used 6599K, capacity 8060K, committed 8448K, reserved 1056768K
  class space    used 743K, capacity 881K, committed 1024K, reserved 1048576K
}
Event: 2.611 GC heap before
{Heap before GC invocations=11 (full 0):
 garbage-first heap   total 166912K, used 115723K [0x000000008aa00000, 0x0000000100000000)
  region size 1024K, 52 young (53248K), 3 survivors (3072K)
 Metaspace       used 6599K, capacity 8060K, committed 8448K, reserved 1056768K
  class space    used 743K, capacity 881K, committed 1024K, reserved 1048576K
}
Event: 2.758 GC heap after
{Heap after GC invocations=12 (full 0):
 garbage-first heap   total 166912K, used 66459K [0x000000008aa00000, 0x0000000100000000)
  region size 1024K, 3 young (3072K), 3 survivors (3072K)
 Metaspace       used 6599K, capacity 8060K, committed 8448K, reserved 1056768K
  class space    used 743K, capacity 881K, committed 1024K, reserved 1048576K
}
Event: 2.998 GC heap before
{Heap before GC invocations=12 (full 0):
 garbage-first heap   total 221184K, used 173979K [0x000000008aa00000, 0x0000000100000000)
  region size 1024K, 79 young (80896K), 3 survivors (3072K)
 Metaspace       used 6599K, capacity 8060K, committed 8448K, reserved 1056768K
  class space    used 743K, capacity 881K, committed 1024K, reserved 1048576K
}

