# JRE version: OpenJDK Runtime Environment (14.0.1+7) (build 14.0.1+7)
# Java VM: OpenJDK 64-Bit Server VM (14.0.1+7, mixed mode, sharing, tiered, compressed oops, g1 gc, linux-amd64)
Heap:
 garbage-first heap   total 967680K, used 141081K [0x000000008aa00000, 0x0000000100000000)
  region size 1024K, 1 young (1024K), 1 survivors (1024K)
 Metaspace       used 6613K, capacity 8060K, committed 8448K, reserved 1056768K
  class space    used 743K, capacity 881K, committed 1024K, reserved 1048576K
GC Heap History (20 events):
Event: 1.796 GC heap after
{Heap after GC invocations=2 (full 0):
 garbage-first heap   total 122880K, used 6067K [0x000000008aa00000, 0x0000000100000000)
  region size 1024K, 2 young (2048K), 2 survivors (2048K)
 Metaspace       used 6610K, capacity 8060K, committed 8448K, reserved 1056768K
  class space    used 743K, capacity 881K, committed 1024K, reserved 1048576K
}
Event: 1.996 GC heap before
{Heap before GC invocations=2 (full 0):
 garbage-first heap   total 122880K, used 98227K [0x000000008aa00000, 0x0000000100000000)
  region size 1024K, 70 young (71680K), 2 survivors (2048K)
 Metaspace       used 6610K, capacity 8060K, committed 8448K, reserved 1056768K
  class space    used 743K, capacity 881K, committed 1024K, reserved 1048576K
}
Event: 2.100 GC heap after
{Heap after GC invocations=3 (full 0):
 garbage-first heap   total 122880K, used 28571K [0x000000008aa00000, 0x0000000100000000)
  region size 1024K, 2 young (2048K), 2 survivors (2048K)
 Metaspace       used 6610K, capacity 8060K, committed 8448K, reserved 1056768K
  class space    used 743K, capacity 881K, committed 1024K, reserved 1048576K
}
Event: 2.236 GC heap before
{Heap before GC invocations=3 (full 0):
 garbage-first heap   total 122880K, used 91035K [0x000000008aa00000, 0x0000000100000000)
  region size 1024K, 53 young (54272K), 2 survivors (2048K)
 Metaspace       used 6610K, capacity 8060K, committed 8448K, reserved 1056768K
  class space    used 743K, capacity 881K, committed 1024K, reserved 1048576K
}
Event: 2.389 GC heap after
{Heap after GC invocations=4 (full 0):
 garbage-first heap   total 122880K, used 39874K [0x000000008aa00000, 0x0000000100000000)
  region size 1024K, 2 young (2048K), 2 survivors (2048K)
 Metaspace       used 6610K, capacity 8060K, committed 8448K, reserved 1056768K
  class space    used 743K, capacity 881K, committed 1024K, reserved 1048576K
}
Event: 2.523 GC heap before
{Heap before GC invocations=4 (full 0):
 garbage-first heap   total 119808K, used 96194K [0x000000008aa00000, 0x0000000100000000)
  region size 1024K, 64 young (65536K), 2 survivors (2048K)
 Metaspace       used 6613K, capacity 8060K, committed 8448K, reserved 1056768K
  class space    used 743K, capacity 881K, committed 1024K, reserved 1048576K
}
Event: 2.642 GC heap after
{Heap after GC invocations=5 (full 0):
 garbage-first heap   total 248832K, used 32631K [0x000000008aa00000, 0x0000000100000000)
  region size 1024K, 2 young (2048K), 2 survivors (2048K)
 Metaspace       used 6613K, capacity 8060K, committed 8448K, reserved 1056768K
  class space    used 743K, capacity 881K, committed 1024K, reserved 1048576K
}
Event: 2.984 GC heap before
{Heap before GC invocations=6 (full 0):
 garbage-first heap   total 248832K, used 240503K [0x000000008aa00000, 0x0000000100000000)
  region size 1024K, 145 young (148480K), 2 survivors (2048K)
 Metaspace       used 6613K, capacity 8060K, committed 8448K, reserved 1056768K
  class space    used 743K, capacity 881K, committed 1024K, reserved 1048576K
}
Event: 3.278 GC heap after
{Heap after GC invocations=7 (full 0):
 garbage-first heap   total 248832K, used 94158K [0x000000008aa00000, 0x0000000100000000)
  region size 1024K, 2 young (2048K), 2 survivors (2048K)
 Metaspace       used 6613K, capacity 8060K, committed 8448K, reserved 1056768K
  class space    used 743K, capacity 881K, committed 1024K, reserved 1048576K
}
Event: 3.305 GC heap before
{Heap before GC invocations=7 (full 0):
 garbage-first heap   total 248832K, used 104398K [0x000000008aa00000, 0x0000000100000000)
  region size 1024K, 12 young (12288K), 2 survivors (2048K)
 Metaspace       used 6613K, capacity 8060K, committed 8448K, reserved 1056768K
  class space    used 743K, capacity 881K, committed 1024K, reserved 1048576K
}
Event: 3.524 GC heap after
{Heap after GC invocations=8 (full 0):
 garbage-first heap   total 248832K, used 94138K [0x000000008aa00000, 0x0000000100000000)
  region size 1024K, 1 young (1024K), 1 survivors (1024K)
 Metaspace       used 6613K, capacity 8060K, committed 8448K, reserved 1056768K
  class space    used 743K, capacity 881K, committed 1024K, reserved 1048576K
}
Event: 3.632 GC heap before
{Heap before GC invocations=8 (full 0):
 garbage-first heap   total 248832K, used 177082K [0x000000008aa00000, 0x0000000100000000)
  region size 1024K, 83 young (84992K), 1 survivors (1024K)
 Metaspace       used 6613K, capacity 8060K, committed 8448K, reserved 1056768K
  class space    used 743K, capacity 881K, committed 1024K, reserved 1048576K
}
Event: 3.634 GC heap after
{Heap after GC invocations=9 (full 0):
 garbage-first heap   total 248832K, used 94011K [0x000000008aa00000, 0x0000000100000000)
  region size 1024K, 1 young (1024K), 1 survivors (1024K)
 Metaspace       used 6613K, capacity 8060K, committed 8448K, reserved 1056768K
  class space    used 743K, capacity 881K, committed 1024K, reserved 1048576K
}
Event: 3.876 GC heap before
{Heap before GC invocations=9 (full 0):
 garbage-first heap   total 248832K, used 219963K [0x000000008aa00000, 0x0000000100000000)
  region size 1024K, 122 young (124928K), 1 survivors (1024K)
 Metaspace       used 6613K, capacity 8060K, committed 8448K, reserved 1056768K
  class space    used 743K, capacity 881K, committed 1024K, reserved 1048576K
}
Event: 3.878 GC heap after
{Heap after GC invocations=10 (full 0):
 garbage-first heap   total 248832K, used 96033K [0x000000008aa00000, 0x0000000100000000)
  region size 1024K, 1 young (1024K), 1 survivors (1024K)
 Metaspace       used 6613K, capacity 8060K, committed 8448K, reserved 1056768K
  class space    used 743K, capacity 881K, committed 1024K, reserved 1048576K
}
Event: 4.001 GC heap before
{Heap before GC invocations=11 (full 0):
 garbage-first heap   total 248832K, used 187169K [0x000000008aa00000, 0x0000000100000000)
  region size 1024K, 91 young (93184K), 1 survivors (1024K)
 Metaspace       used 6613K, capacity 8060K, committed 8448K, reserved 1056768K
  class space    used 743K, capacity 881K, committed 1024K, reserved 1048576K
}
Event: 4.003 GC heap after
{Heap after GC invocations=12 (full 0):
 garbage-first heap   total 248832K, used 96021K [0x000000008aa00000, 0x0000000100000000)
  region size 1024K, 1 young (1024K), 1 survivors (1024K)
 Metaspace       used 6613K, capacity 8060K, committed 8448K, reserved 1056768K
  class space    used 743K, capacity 881K, committed 1024K, reserved 1048576K
}
Event: 4.553 GC heap before
{Heap before GC invocations=12 (full 0):
 garbage-first heap   total 330752K, used 263957K [0x000000008aa00000, 0x0000000100000000)
  region size 1024K, 121 young (123904K), 1 survivors (1024K)
 Metaspace       used 6613K, capacity 8060K, committed 8448K, reserved 1056768K
  class space    used 743K, capacity 881K, committed 1024K, reserved 1048576K
}
Event: 8.228 GC heap after
{Heap after GC invocations=13 (full 0):
 garbage-first heap   total 330752K, used 141081K [0x000000008aa00000, 0x0000000100000000)
  region size 1024K, 1 young (1024K), 1 survivors (1024K)
 Metaspace       used 6613K, capacity 8060K, committed 8448K, reserved 1056768K
  class space    used 743K, capacity 881K, committed 1024K, reserved 1048576K
}
Event: 9.479 GC heap before
{Heap before GC invocations=14 (full 0):
 garbage-first heap   total 330752K, used 156441K [0x000000008aa00000, 0x0000000100000000)
  region size 1024K, 16 young (16384K), 1 survivors (1024K)
 Metaspace       used 6613K, capacity 8060K, committed 8448K, reserved 1056768K
  class space    used 743K, capacity 881K, committed 1024K, reserved 1048576K
}

